 ----------------------------------------------------------
|   MODEC：A MOLTEN-SALT-REACTOR SPECIFIC DEPLETION CODE   |
 ----------------------------------------------------------


[ D:\MODEC\MODEC ]
[ 2018-05-24 22:31:22 ]

Time cost at each period: 
-------------------------------------------------
   Initialization : 0.145s
   Calculation    : 0.043s
   Saving         : 0.164s
------------------------------
   Total          : 0.352s
-------------------------------------------------



Warning Messages during excuting MODEC: 
-------------------------------------------------
Perfect Execution!! No Warnings!!
-------------------------------------------------



Error Messages during excuting MODEC: 
-------------------------------------------------
Correct Execution!! No Errors!!
-------------------------------------------------
