 ----------------------------------------------------------
|   MODEC：A MOLTEN-SALT-REACTOR SPECIFIC DEPLETION CODE   |
 ----------------------------------------------------------


[ /mnt/c/Users/夏少鹏/Documents/MODEC_src/MODEC_linux/modec ]
[ 2018-04-10 16:10:05 ]

Time cost at each period: 
-------------------------------------------------
   Initialization : 0.203125s
   Calculation    : 403.031s
   Saving         : 0.140625s
------------------------------
   Total          : 403.375s
-------------------------------------------------



Warning Messages during excuting MODEC: 
-------------------------------------------------
Perfect Execution!! No Warnings!!
-------------------------------------------------



Error Messages during excuting MODEC: 
-------------------------------------------------
Correct Execution!! No Errors!!
-------------------------------------------------
