 ----------------------------------------------------------
|   MODEC：A MOLTEN-SALT-REACTOR SPECIFIC DEPLETION CODE   |
 ----------------------------------------------------------


[ D:\MODEC\MODEC ]
[ 2018-05-21 13:33:49 ]

Time cost at each period: 
-------------------------------------------------
   Initialization : 0.186s
   Calculation    : 0.251s
   Saving         : 0.431s
------------------------------
   Total          : 0.868s
-------------------------------------------------



Warning Messages during excuting MODEC: 
-------------------------------------------------
Perfect Execution!! No Warnings!!
-------------------------------------------------



Error Messages during excuting MODEC: 
-------------------------------------------------
Correct Execution!! No Errors!!
-------------------------------------------------
