 ----------------------------------------------------------
|   MODEC：A MOLTEN-SALT-REACTOR SPECIFIC DEPLETION CODE   |
 ----------------------------------------------------------


[ D:\MODEC\MODEC ]
[ 2018-05-21 12:46:11 ]

Time cost at each period: 
-------------------------------------------------
   Initialization : 0.149s
   Calculation    : 0.125s
   Saving         : 0.338s
------------------------------
   Total          : 0.612s
-------------------------------------------------



Warning Messages during excuting MODEC: 
-------------------------------------------------
Perfect Execution!! No Warnings!!
-------------------------------------------------



Error Messages during excuting MODEC: 
-------------------------------------------------
Correct Execution!! No Errors!!
-------------------------------------------------
